Determining if the fopen64 exist failed with the following output:
Change Dir: /N/u2/m/morahma/Research/Fall2021/DGL_Run/dgl/build/CMakeFiles/CMakeTmp

Run Build Command(s):/usr/bin/gmake cmTC_2bad2/fast 
/usr/bin/gmake -f CMakeFiles/cmTC_2bad2.dir/build.make CMakeFiles/cmTC_2bad2.dir/build
gmake[1]: Entering directory `/N/u2/m/morahma/Research/Fall2021/DGL_Run/dgl/build/CMakeFiles/CMakeTmp'
Building C object CMakeFiles/cmTC_2bad2.dir/CheckSymbolExists.c.o
/opt/gcc-10.1.0/bin/gcc   -fopenmp -O2 -Wall -fPIC  -DUSE_AVX -DUSE_LIBXSMM -DDGL_CPU_LLC_SIZE=40000000 -DIDXTYPEWIDTH=64 -DREALTYPEWIDTH=32    -o CMakeFiles/cmTC_2bad2.dir/CheckSymbolExists.c.o   -c /N/u2/m/morahma/Research/Fall2021/DGL_Run/dgl/build/CMakeFiles/CMakeTmp/CheckSymbolExists.c
/N/u2/m/morahma/Research/Fall2021/DGL_Run/dgl/build/CMakeFiles/CMakeTmp/CheckSymbolExists.c: In function ‘main’:
/N/u2/m/morahma/Research/Fall2021/DGL_Run/dgl/build/CMakeFiles/CMakeTmp/CheckSymbolExists.c:8:19: error: ‘fopen64’ undeclared (first use in this function); did you mean ‘fopen’?
    8 |   return ((int*)(&fopen64))[argc];
      |                   ^~~~~~~
      |                   fopen
/N/u2/m/morahma/Research/Fall2021/DGL_Run/dgl/build/CMakeFiles/CMakeTmp/CheckSymbolExists.c:8:19: note: each undeclared identifier is reported only once for each function it appears in
gmake[1]: *** [CMakeFiles/cmTC_2bad2.dir/CheckSymbolExists.c.o] Error 1
gmake[1]: Leaving directory `/N/u2/m/morahma/Research/Fall2021/DGL_Run/dgl/build/CMakeFiles/CMakeTmp'
gmake: *** [cmTC_2bad2/fast] Error 2

File /N/u2/m/morahma/Research/Fall2021/DGL_Run/dgl/build/CMakeFiles/CMakeTmp/CheckSymbolExists.c:
/* */
#include <stdio.h>

int main(int argc, char** argv)
{
  (void)argv;
#ifndef fopen64
  return ((int*)(&fopen64))[argc];
#else
  (void)argc;
  return 0;
#endif
}

Performing C SOURCE FILE Test UV_LINT_W4 failed with the following output:
Change Dir: /N/u2/m/morahma/Research/Fall2021/DGL_Run/dgl/build/CMakeFiles/CMakeTmp

Run Build Command(s):/usr/bin/gmake cmTC_b33b0/fast 
/usr/bin/gmake -f CMakeFiles/cmTC_b33b0.dir/build.make CMakeFiles/cmTC_b33b0.dir/build
gmake[1]: Entering directory `/N/u2/m/morahma/Research/Fall2021/DGL_Run/dgl/build/CMakeFiles/CMakeTmp'
Building C object CMakeFiles/cmTC_b33b0.dir/src.c.o
/opt/gcc-10.1.0/bin/gcc   -fopenmp -O2 -Wall -fPIC  -DUSE_AVX -DUSE_LIBXSMM -DDGL_CPU_LLC_SIZE=40000000 -DIDXTYPEWIDTH=64 -DREALTYPEWIDTH=32 -DLINUX -D_FILE_OFFSET_BITS=64 -std=c99 -fno-strict-aliasing -march=native -fPIC -Werror -Wall  -Wno-unused-function -Wno-unused-but-set-variable -Wno-unused-variable -Wno-unknown-pragmas -DNDEBUG -DNDEBUG2 -DHAVE_EXECINFO_H -DHAVE_GETLINE -O3 -DUV_LINT_W4   /W4 -o CMakeFiles/cmTC_b33b0.dir/src.c.o   -c /N/u2/m/morahma/Research/Fall2021/DGL_Run/dgl/build/CMakeFiles/CMakeTmp/src.c
gcc: error: /W4: No such file or directory
gmake[1]: *** [CMakeFiles/cmTC_b33b0.dir/src.c.o] Error 1
gmake[1]: Leaving directory `/N/u2/m/morahma/Research/Fall2021/DGL_Run/dgl/build/CMakeFiles/CMakeTmp'
gmake: *** [cmTC_b33b0/fast] Error 2

Source file was:
int main(void) { return 0; }
Performing C SOURCE FILE Test UV_LINT_NO_UNUSED_PARAMETER_MSVC failed with the following output:
Change Dir: /N/u2/m/morahma/Research/Fall2021/DGL_Run/dgl/build/CMakeFiles/CMakeTmp

Run Build Command(s):/usr/bin/gmake cmTC_5eeb5/fast 
/usr/bin/gmake -f CMakeFiles/cmTC_5eeb5.dir/build.make CMakeFiles/cmTC_5eeb5.dir/build
gmake[1]: Entering directory `/N/u2/m/morahma/Research/Fall2021/DGL_Run/dgl/build/CMakeFiles/CMakeTmp'
Building C object CMakeFiles/cmTC_5eeb5.dir/src.c.o
/opt/gcc-10.1.0/bin/gcc   -fopenmp -O2 -Wall -fPIC  -DUSE_AVX -DUSE_LIBXSMM -DDGL_CPU_LLC_SIZE=40000000 -DIDXTYPEWIDTH=64 -DREALTYPEWIDTH=32 -DLINUX -D_FILE_OFFSET_BITS=64 -std=c99 -fno-strict-aliasing -march=native -fPIC -Werror -Wall  -Wno-unused-function -Wno-unused-but-set-variable -Wno-unused-variable -Wno-unknown-pragmas -DNDEBUG -DNDEBUG2 -DHAVE_EXECINFO_H -DHAVE_GETLINE -O3 -DUV_LINT_NO_UNUSED_PARAMETER_MSVC   /wd4100 -o CMakeFiles/cmTC_5eeb5.dir/src.c.o   -c /N/u2/m/morahma/Research/Fall2021/DGL_Run/dgl/build/CMakeFiles/CMakeTmp/src.c
gcc: error: /wd4100: No such file or directory
gmake[1]: *** [CMakeFiles/cmTC_5eeb5.dir/src.c.o] Error 1
gmake[1]: Leaving directory `/N/u2/m/morahma/Research/Fall2021/DGL_Run/dgl/build/CMakeFiles/CMakeTmp'
gmake: *** [cmTC_5eeb5/fast] Error 2

Source file was:
int main(void) { return 0; }
Performing C SOURCE FILE Test UV_LINT_NO_CONDITIONAL_CONSTANT_MSVC failed with the following output:
Change Dir: /N/u2/m/morahma/Research/Fall2021/DGL_Run/dgl/build/CMakeFiles/CMakeTmp

Run Build Command(s):/usr/bin/gmake cmTC_91d04/fast 
/usr/bin/gmake -f CMakeFiles/cmTC_91d04.dir/build.make CMakeFiles/cmTC_91d04.dir/build
gmake[1]: Entering directory `/N/u2/m/morahma/Research/Fall2021/DGL_Run/dgl/build/CMakeFiles/CMakeTmp'
Building C object CMakeFiles/cmTC_91d04.dir/src.c.o
/opt/gcc-10.1.0/bin/gcc   -fopenmp -O2 -Wall -fPIC  -DUSE_AVX -DUSE_LIBXSMM -DDGL_CPU_LLC_SIZE=40000000 -DIDXTYPEWIDTH=64 -DREALTYPEWIDTH=32 -DLINUX -D_FILE_OFFSET_BITS=64 -std=c99 -fno-strict-aliasing -march=native -fPIC -Werror -Wall  -Wno-unused-function -Wno-unused-but-set-variable -Wno-unused-variable -Wno-unknown-pragmas -DNDEBUG -DNDEBUG2 -DHAVE_EXECINFO_H -DHAVE_GETLINE -O3 -DUV_LINT_NO_CONDITIONAL_CONSTANT_MSVC   /wd4127 -o CMakeFiles/cmTC_91d04.dir/src.c.o   -c /N/u2/m/morahma/Research/Fall2021/DGL_Run/dgl/build/CMakeFiles/CMakeTmp/src.c
gcc: error: /wd4127: No such file or directory
gmake[1]: *** [CMakeFiles/cmTC_91d04.dir/src.c.o] Error 1
gmake[1]: Leaving directory `/N/u2/m/morahma/Research/Fall2021/DGL_Run/dgl/build/CMakeFiles/CMakeTmp'
gmake: *** [cmTC_91d04/fast] Error 2

Source file was:
int main(void) { return 0; }
Performing C SOURCE FILE Test UV_LINT_NO_NONSTANDARD_MSVC failed with the following output:
Change Dir: /N/u2/m/morahma/Research/Fall2021/DGL_Run/dgl/build/CMakeFiles/CMakeTmp

Run Build Command(s):/usr/bin/gmake cmTC_f0373/fast 
/usr/bin/gmake -f CMakeFiles/cmTC_f0373.dir/build.make CMakeFiles/cmTC_f0373.dir/build
gmake[1]: Entering directory `/N/u2/m/morahma/Research/Fall2021/DGL_Run/dgl/build/CMakeFiles/CMakeTmp'
Building C object CMakeFiles/cmTC_f0373.dir/src.c.o
/opt/gcc-10.1.0/bin/gcc   -fopenmp -O2 -Wall -fPIC  -DUSE_AVX -DUSE_LIBXSMM -DDGL_CPU_LLC_SIZE=40000000 -DIDXTYPEWIDTH=64 -DREALTYPEWIDTH=32 -DLINUX -D_FILE_OFFSET_BITS=64 -std=c99 -fno-strict-aliasing -march=native -fPIC -Werror -Wall  -Wno-unused-function -Wno-unused-but-set-variable -Wno-unused-variable -Wno-unknown-pragmas -DNDEBUG -DNDEBUG2 -DHAVE_EXECINFO_H -DHAVE_GETLINE -O3 -DUV_LINT_NO_NONSTANDARD_MSVC   /wd4201 -o CMakeFiles/cmTC_f0373.dir/src.c.o   -c /N/u2/m/morahma/Research/Fall2021/DGL_Run/dgl/build/CMakeFiles/CMakeTmp/src.c
gcc: error: /wd4201: No such file or directory
gmake[1]: *** [CMakeFiles/cmTC_f0373.dir/src.c.o] Error 1
gmake[1]: Leaving directory `/N/u2/m/morahma/Research/Fall2021/DGL_Run/dgl/build/CMakeFiles/CMakeTmp'
gmake: *** [cmTC_f0373/fast] Error 2

Source file was:
int main(void) { return 0; }
Performing C SOURCE FILE Test UV_LINT_NO_NONSTANDARD_EMPTY_TU_MSVC failed with the following output:
Change Dir: /N/u2/m/morahma/Research/Fall2021/DGL_Run/dgl/build/CMakeFiles/CMakeTmp

Run Build Command(s):/usr/bin/gmake cmTC_c9e4e/fast 
/usr/bin/gmake -f CMakeFiles/cmTC_c9e4e.dir/build.make CMakeFiles/cmTC_c9e4e.dir/build
gmake[1]: Entering directory `/N/u2/m/morahma/Research/Fall2021/DGL_Run/dgl/build/CMakeFiles/CMakeTmp'
Building C object CMakeFiles/cmTC_c9e4e.dir/src.c.o
/opt/gcc-10.1.0/bin/gcc   -fopenmp -O2 -Wall -fPIC  -DUSE_AVX -DUSE_LIBXSMM -DDGL_CPU_LLC_SIZE=40000000 -DIDXTYPEWIDTH=64 -DREALTYPEWIDTH=32 -DLINUX -D_FILE_OFFSET_BITS=64 -std=c99 -fno-strict-aliasing -march=native -fPIC -Werror -Wall  -Wno-unused-function -Wno-unused-but-set-variable -Wno-unused-variable -Wno-unknown-pragmas -DNDEBUG -DNDEBUG2 -DHAVE_EXECINFO_H -DHAVE_GETLINE -O3 -DUV_LINT_NO_NONSTANDARD_EMPTY_TU_MSVC   /wd4206 -o CMakeFiles/cmTC_c9e4e.dir/src.c.o   -c /N/u2/m/morahma/Research/Fall2021/DGL_Run/dgl/build/CMakeFiles/CMakeTmp/src.c
gcc: error: /wd4206: No such file or directory
gmake[1]: *** [CMakeFiles/cmTC_c9e4e.dir/src.c.o] Error 1
gmake[1]: Leaving directory `/N/u2/m/morahma/Research/Fall2021/DGL_Run/dgl/build/CMakeFiles/CMakeTmp'
gmake: *** [cmTC_c9e4e/fast] Error 2

Source file was:
int main(void) { return 0; }
Performing C SOURCE FILE Test UV_LINT_NO_NONSTANDARD_FILE_SCOPE_MSVC failed with the following output:
Change Dir: /N/u2/m/morahma/Research/Fall2021/DGL_Run/dgl/build/CMakeFiles/CMakeTmp

Run Build Command(s):/usr/bin/gmake cmTC_e01f5/fast 
/usr/bin/gmake -f CMakeFiles/cmTC_e01f5.dir/build.make CMakeFiles/cmTC_e01f5.dir/build
gmake[1]: Entering directory `/N/u2/m/morahma/Research/Fall2021/DGL_Run/dgl/build/CMakeFiles/CMakeTmp'
Building C object CMakeFiles/cmTC_e01f5.dir/src.c.o
/opt/gcc-10.1.0/bin/gcc   -fopenmp -O2 -Wall -fPIC  -DUSE_AVX -DUSE_LIBXSMM -DDGL_CPU_LLC_SIZE=40000000 -DIDXTYPEWIDTH=64 -DREALTYPEWIDTH=32 -DLINUX -D_FILE_OFFSET_BITS=64 -std=c99 -fno-strict-aliasing -march=native -fPIC -Werror -Wall  -Wno-unused-function -Wno-unused-but-set-variable -Wno-unused-variable -Wno-unknown-pragmas -DNDEBUG -DNDEBUG2 -DHAVE_EXECINFO_H -DHAVE_GETLINE -O3 -DUV_LINT_NO_NONSTANDARD_FILE_SCOPE_MSVC   /wd4210 -o CMakeFiles/cmTC_e01f5.dir/src.c.o   -c /N/u2/m/morahma/Research/Fall2021/DGL_Run/dgl/build/CMakeFiles/CMakeTmp/src.c
gcc: error: /wd4210: No such file or directory
gmake[1]: *** [CMakeFiles/cmTC_e01f5.dir/src.c.o] Error 1
gmake[1]: Leaving directory `/N/u2/m/morahma/Research/Fall2021/DGL_Run/dgl/build/CMakeFiles/CMakeTmp'
gmake: *** [cmTC_e01f5/fast] Error 2

Source file was:
int main(void) { return 0; }
Performing C SOURCE FILE Test UV_LINT_NO_NONSTANDARD_NONSTATIC_DLIMPORT_MSVC failed with the following output:
Change Dir: /N/u2/m/morahma/Research/Fall2021/DGL_Run/dgl/build/CMakeFiles/CMakeTmp

Run Build Command(s):/usr/bin/gmake cmTC_20125/fast 
/usr/bin/gmake -f CMakeFiles/cmTC_20125.dir/build.make CMakeFiles/cmTC_20125.dir/build
gmake[1]: Entering directory `/N/u2/m/morahma/Research/Fall2021/DGL_Run/dgl/build/CMakeFiles/CMakeTmp'
Building C object CMakeFiles/cmTC_20125.dir/src.c.o
/opt/gcc-10.1.0/bin/gcc   -fopenmp -O2 -Wall -fPIC  -DUSE_AVX -DUSE_LIBXSMM -DDGL_CPU_LLC_SIZE=40000000 -DIDXTYPEWIDTH=64 -DREALTYPEWIDTH=32 -DLINUX -D_FILE_OFFSET_BITS=64 -std=c99 -fno-strict-aliasing -march=native -fPIC -Werror -Wall  -Wno-unused-function -Wno-unused-but-set-variable -Wno-unused-variable -Wno-unknown-pragmas -DNDEBUG -DNDEBUG2 -DHAVE_EXECINFO_H -DHAVE_GETLINE -O3 -DUV_LINT_NO_NONSTANDARD_NONSTATIC_DLIMPORT_MSVC   /wd4232 -o CMakeFiles/cmTC_20125.dir/src.c.o   -c /N/u2/m/morahma/Research/Fall2021/DGL_Run/dgl/build/CMakeFiles/CMakeTmp/src.c
gcc: error: /wd4232: No such file or directory
gmake[1]: *** [CMakeFiles/cmTC_20125.dir/src.c.o] Error 1
gmake[1]: Leaving directory `/N/u2/m/morahma/Research/Fall2021/DGL_Run/dgl/build/CMakeFiles/CMakeTmp'
gmake: *** [cmTC_20125/fast] Error 2

Source file was:
int main(void) { return 0; }
Performing C SOURCE FILE Test UV_LINT_NO_HIDES_LOCAL failed with the following output:
Change Dir: /N/u2/m/morahma/Research/Fall2021/DGL_Run/dgl/build/CMakeFiles/CMakeTmp

Run Build Command(s):/usr/bin/gmake cmTC_acb5f/fast 
/usr/bin/gmake -f CMakeFiles/cmTC_acb5f.dir/build.make CMakeFiles/cmTC_acb5f.dir/build
gmake[1]: Entering directory `/N/u2/m/morahma/Research/Fall2021/DGL_Run/dgl/build/CMakeFiles/CMakeTmp'
Building C object CMakeFiles/cmTC_acb5f.dir/src.c.o
/opt/gcc-10.1.0/bin/gcc   -fopenmp -O2 -Wall -fPIC  -DUSE_AVX -DUSE_LIBXSMM -DDGL_CPU_LLC_SIZE=40000000 -DIDXTYPEWIDTH=64 -DREALTYPEWIDTH=32 -DLINUX -D_FILE_OFFSET_BITS=64 -std=c99 -fno-strict-aliasing -march=native -fPIC -Werror -Wall  -Wno-unused-function -Wno-unused-but-set-variable -Wno-unused-variable -Wno-unknown-pragmas -DNDEBUG -DNDEBUG2 -DHAVE_EXECINFO_H -DHAVE_GETLINE -O3 -DUV_LINT_NO_HIDES_LOCAL   /wd4456 -o CMakeFiles/cmTC_acb5f.dir/src.c.o   -c /N/u2/m/morahma/Research/Fall2021/DGL_Run/dgl/build/CMakeFiles/CMakeTmp/src.c
gcc: error: /wd4456: No such file or directory
gmake[1]: *** [CMakeFiles/cmTC_acb5f.dir/src.c.o] Error 1
gmake[1]: Leaving directory `/N/u2/m/morahma/Research/Fall2021/DGL_Run/dgl/build/CMakeFiles/CMakeTmp'
gmake: *** [cmTC_acb5f/fast] Error 2

Source file was:
int main(void) { return 0; }
Performing C SOURCE FILE Test UV_LINT_NO_HIDES_PARAM failed with the following output:
Change Dir: /N/u2/m/morahma/Research/Fall2021/DGL_Run/dgl/build/CMakeFiles/CMakeTmp

Run Build Command(s):/usr/bin/gmake cmTC_79b53/fast 
/usr/bin/gmake -f CMakeFiles/cmTC_79b53.dir/build.make CMakeFiles/cmTC_79b53.dir/build
gmake[1]: Entering directory `/N/u2/m/morahma/Research/Fall2021/DGL_Run/dgl/build/CMakeFiles/CMakeTmp'
Building C object CMakeFiles/cmTC_79b53.dir/src.c.o
/opt/gcc-10.1.0/bin/gcc   -fopenmp -O2 -Wall -fPIC  -DUSE_AVX -DUSE_LIBXSMM -DDGL_CPU_LLC_SIZE=40000000 -DIDXTYPEWIDTH=64 -DREALTYPEWIDTH=32 -DLINUX -D_FILE_OFFSET_BITS=64 -std=c99 -fno-strict-aliasing -march=native -fPIC -Werror -Wall  -Wno-unused-function -Wno-unused-but-set-variable -Wno-unused-variable -Wno-unknown-pragmas -DNDEBUG -DNDEBUG2 -DHAVE_EXECINFO_H -DHAVE_GETLINE -O3 -DUV_LINT_NO_HIDES_PARAM   /wd4457 -o CMakeFiles/cmTC_79b53.dir/src.c.o   -c /N/u2/m/morahma/Research/Fall2021/DGL_Run/dgl/build/CMakeFiles/CMakeTmp/src.c
gcc: error: /wd4457: No such file or directory
gmake[1]: *** [CMakeFiles/cmTC_79b53.dir/src.c.o] Error 1
gmake[1]: Leaving directory `/N/u2/m/morahma/Research/Fall2021/DGL_Run/dgl/build/CMakeFiles/CMakeTmp'
gmake: *** [cmTC_79b53/fast] Error 2

Source file was:
int main(void) { return 0; }
Performing C SOURCE FILE Test UV_LINT_NO_HIDES_GLOBAL failed with the following output:
Change Dir: /N/u2/m/morahma/Research/Fall2021/DGL_Run/dgl/build/CMakeFiles/CMakeTmp

Run Build Command(s):/usr/bin/gmake cmTC_b00bf/fast 
/usr/bin/gmake -f CMakeFiles/cmTC_b00bf.dir/build.make CMakeFiles/cmTC_b00bf.dir/build
gmake[1]: Entering directory `/N/u2/m/morahma/Research/Fall2021/DGL_Run/dgl/build/CMakeFiles/CMakeTmp'
Building C object CMakeFiles/cmTC_b00bf.dir/src.c.o
/opt/gcc-10.1.0/bin/gcc   -fopenmp -O2 -Wall -fPIC  -DUSE_AVX -DUSE_LIBXSMM -DDGL_CPU_LLC_SIZE=40000000 -DIDXTYPEWIDTH=64 -DREALTYPEWIDTH=32 -DLINUX -D_FILE_OFFSET_BITS=64 -std=c99 -fno-strict-aliasing -march=native -fPIC -Werror -Wall  -Wno-unused-function -Wno-unused-but-set-variable -Wno-unused-variable -Wno-unknown-pragmas -DNDEBUG -DNDEBUG2 -DHAVE_EXECINFO_H -DHAVE_GETLINE -O3 -DUV_LINT_NO_HIDES_GLOBAL   /wd4459 -o CMakeFiles/cmTC_b00bf.dir/src.c.o   -c /N/u2/m/morahma/Research/Fall2021/DGL_Run/dgl/build/CMakeFiles/CMakeTmp/src.c
gcc: error: /wd4459: No such file or directory
gmake[1]: *** [CMakeFiles/cmTC_b00bf.dir/src.c.o] Error 1
gmake[1]: Leaving directory `/N/u2/m/morahma/Research/Fall2021/DGL_Run/dgl/build/CMakeFiles/CMakeTmp'
gmake: *** [cmTC_b00bf/fast] Error 2

Source file was:
int main(void) { return 0; }
Performing C SOURCE FILE Test UV_LINT_NO_CONDITIONAL_ASSIGNMENT_MSVC failed with the following output:
Change Dir: /N/u2/m/morahma/Research/Fall2021/DGL_Run/dgl/build/CMakeFiles/CMakeTmp

Run Build Command(s):/usr/bin/gmake cmTC_c8753/fast 
/usr/bin/gmake -f CMakeFiles/cmTC_c8753.dir/build.make CMakeFiles/cmTC_c8753.dir/build
gmake[1]: Entering directory `/N/u2/m/morahma/Research/Fall2021/DGL_Run/dgl/build/CMakeFiles/CMakeTmp'
Building C object CMakeFiles/cmTC_c8753.dir/src.c.o
/opt/gcc-10.1.0/bin/gcc   -fopenmp -O2 -Wall -fPIC  -DUSE_AVX -DUSE_LIBXSMM -DDGL_CPU_LLC_SIZE=40000000 -DIDXTYPEWIDTH=64 -DREALTYPEWIDTH=32 -DLINUX -D_FILE_OFFSET_BITS=64 -std=c99 -fno-strict-aliasing -march=native -fPIC -Werror -Wall  -Wno-unused-function -Wno-unused-but-set-variable -Wno-unused-variable -Wno-unknown-pragmas -DNDEBUG -DNDEBUG2 -DHAVE_EXECINFO_H -DHAVE_GETLINE -O3 -DUV_LINT_NO_CONDITIONAL_ASSIGNMENT_MSVC   /wd4706 -o CMakeFiles/cmTC_c8753.dir/src.c.o   -c /N/u2/m/morahma/Research/Fall2021/DGL_Run/dgl/build/CMakeFiles/CMakeTmp/src.c
gcc: error: /wd4706: No such file or directory
gmake[1]: *** [CMakeFiles/cmTC_c8753.dir/src.c.o] Error 1
gmake[1]: Leaving directory `/N/u2/m/morahma/Research/Fall2021/DGL_Run/dgl/build/CMakeFiles/CMakeTmp'
gmake: *** [cmTC_c8753/fast] Error 2

Source file was:
int main(void) { return 0; }
Performing C SOURCE FILE Test UV_LINT_NO_UNSAFE_MSVC failed with the following output:
Change Dir: /N/u2/m/morahma/Research/Fall2021/DGL_Run/dgl/build/CMakeFiles/CMakeTmp

Run Build Command(s):/usr/bin/gmake cmTC_30b8b/fast 
/usr/bin/gmake -f CMakeFiles/cmTC_30b8b.dir/build.make CMakeFiles/cmTC_30b8b.dir/build
gmake[1]: Entering directory `/N/u2/m/morahma/Research/Fall2021/DGL_Run/dgl/build/CMakeFiles/CMakeTmp'
Building C object CMakeFiles/cmTC_30b8b.dir/src.c.o
/opt/gcc-10.1.0/bin/gcc   -fopenmp -O2 -Wall -fPIC  -DUSE_AVX -DUSE_LIBXSMM -DDGL_CPU_LLC_SIZE=40000000 -DIDXTYPEWIDTH=64 -DREALTYPEWIDTH=32 -DLINUX -D_FILE_OFFSET_BITS=64 -std=c99 -fno-strict-aliasing -march=native -fPIC -Werror -Wall  -Wno-unused-function -Wno-unused-but-set-variable -Wno-unused-variable -Wno-unknown-pragmas -DNDEBUG -DNDEBUG2 -DHAVE_EXECINFO_H -DHAVE_GETLINE -O3 -DUV_LINT_NO_UNSAFE_MSVC   /wd4996 -o CMakeFiles/cmTC_30b8b.dir/src.c.o   -c /N/u2/m/morahma/Research/Fall2021/DGL_Run/dgl/build/CMakeFiles/CMakeTmp/src.c
gcc: error: /wd4996: No such file or directory
gmake[1]: *** [CMakeFiles/cmTC_30b8b.dir/src.c.o] Error 1
gmake[1]: Leaving directory `/N/u2/m/morahma/Research/Fall2021/DGL_Run/dgl/build/CMakeFiles/CMakeTmp'
gmake: *** [cmTC_30b8b/fast] Error 2

Source file was:
int main(void) { return 0; }
Performing C SOURCE FILE Test UV_LINT_UTF8_MSVC failed with the following output:
Change Dir: /N/u2/m/morahma/Research/Fall2021/DGL_Run/dgl/build/CMakeFiles/CMakeTmp

Run Build Command(s):/usr/bin/gmake cmTC_c6135/fast 
/usr/bin/gmake -f CMakeFiles/cmTC_c6135.dir/build.make CMakeFiles/cmTC_c6135.dir/build
gmake[1]: Entering directory `/N/u2/m/morahma/Research/Fall2021/DGL_Run/dgl/build/CMakeFiles/CMakeTmp'
Building C object CMakeFiles/cmTC_c6135.dir/src.c.o
/opt/gcc-10.1.0/bin/gcc   -fopenmp -O2 -Wall -fPIC  -DUSE_AVX -DUSE_LIBXSMM -DDGL_CPU_LLC_SIZE=40000000 -DIDXTYPEWIDTH=64 -DREALTYPEWIDTH=32 -DLINUX -D_FILE_OFFSET_BITS=64 -std=c99 -fno-strict-aliasing -march=native -fPIC -Werror -Wall  -Wno-unused-function -Wno-unused-but-set-variable -Wno-unused-variable -Wno-unknown-pragmas -DNDEBUG -DNDEBUG2 -DHAVE_EXECINFO_H -DHAVE_GETLINE -O3 -DUV_LINT_UTF8_MSVC   /utf-8 -o CMakeFiles/cmTC_c6135.dir/src.c.o   -c /N/u2/m/morahma/Research/Fall2021/DGL_Run/dgl/build/CMakeFiles/CMakeTmp/src.c
gcc: error: /utf-8: No such file or directory
gmake[1]: *** [CMakeFiles/cmTC_c6135.dir/src.c.o] Error 1
gmake[1]: Leaving directory `/N/u2/m/morahma/Research/Fall2021/DGL_Run/dgl/build/CMakeFiles/CMakeTmp'
gmake: *** [cmTC_c6135/fast] Error 2

Source file was:
int main(void) { return 0; }
